<?xml version="1.0" encoding="UTF-8"?>
<testsuite xmlns:xsi="http://www.w3.org/2001/XMLSchema-instance" xsi:noNamespaceSchemaLocation="https://maven.apache.org/surefire/maven-surefire-plugin/xsd/surefire-test-report-3.0.xsd" version="3.0" name="co.edu.uniquindio.poo.SistemaGestionSeguridadTest" time="0.132" tests="30" errors="0" skipped="1" failures="0">
  <properties>
[...]
</properties>
  <testcase name="testIntegracionCompleto" classname="co.edu.uniquindio.poo.SistemaGestionSeguridadTest" time="0">
    <skipped message="Test de integración - ejecutar manualmente"/>
    <system-out><![CDATA[═══ INICIANDO TESTS DEL SISTEMA ═══
]]></system-out>
  </testcase>
  <testcase name="testValidarAsignacionFallaConfiguracionInvalida" classname="co.edu.uniquindio.poo.SistemaGestionSeguridadTest" time="0.005">
    <system-out><![CDATA[✓ Empleado registrado: Mario Pérez
✓ Servicio registrado: CF001
✗ Vigilante con arma letal debe tener turno nocturno
]]></system-out>
  </testcase>
  <testcase name="testListarVigilantes" classname="co.edu.uniquindio.poo.SistemaGestionSeguridadTest" time="0.004">
    <system-out><![CDATA[✓ Empleado registrado: Carlos Méndez
✓ Empleado registrado: Ana López
✓ Empleado registrado: Pedro Ramírez
]]></system-out>
  </testcase>
  <testcase name="testContarVigilantesArmaLetal" classname="co.edu.uniquindio.poo.SistemaGestionSeguridadTest" time="0.005">
    <system-out><![CDATA[✓ Empleado registrado: Carlos Méndez
✓ Empleado registrado: Ana López
✓ Empleado registrado: Luis Torres
]]></system-out>
  </testcase>
  <testcase name="testValidarAsignacionFallaServicioInactivo" classname="co.edu.uniquindio.poo.SistemaGestionSeguridadTest" time="0.002">
    <system-out><![CDATA[✓ Empleado registrado: Carlos Méndez
✓ Servicio registrado: CF001
✗ El servicio no está activo
]]></system-out>
  </testcase>
  <testcase name="testListarServiciosActivos" classname="co.edu.uniquindio.poo.SistemaGestionSeguridadTest" time="0.005">
    <system-out><![CDATA[✓ Servicio registrado: CF001
✓ Servicio registrado: CF002
]]></system-out>
  </testcase>
  <testcase name="testContarVigilantesSinArmaCero" classname="co.edu.uniquindio.poo.SistemaGestionSeguridadTest" time="0.005">
    <system-out><![CDATA[✓ Empleado registrado: Carlos Méndez
✓ Empleado registrado: Ana López
]]></system-out>
  </testcase>
  <testcase name="testListarSupervisores" classname="co.edu.uniquindio.poo.SistemaGestionSeguridadTest" time="0.004">
    <system-out><![CDATA[✓ Empleado registrado: Carlos Méndez
✓ Empleado registrado: Pedro Ramírez
]]></system-out>
  </testcase>
  <testcase name="testCostoTotalNoIncluyeSuspendidos" classname="co.edu.uniquindio.poo.SistemaGestionSeguridadTest" time="0.006">
    <system-out><![CDATA[✓ Servicio registrado: CF001
✓ Servicio registrado: CF002
]]></system-out>
  </testcase>
  <testcase name="testContarVigilantesArmaNoLetal" classname="co.edu.uniquindio.poo.SistemaGestionSeguridadTest" time="0">
    <system-out><![CDATA[✓ Empleado registrado: Carlos Méndez
✓ Empleado registrado: Ana López
]]></system-out>
  </testcase>
  <testcase name="testValidarAsignacionExitosa" classname="co.edu.uniquindio.poo.SistemaGestionSeguridadTest" time="0">
    <system-out><![CDATA[✓ Empleado registrado: Carlos Méndez
✓ Servicio registrado: CF001
]]></system-out>
  </testcase>
  <testcase name="testAsignarPersonalAServicio" classname="co.edu.uniquindio.poo.SistemaGestionSeguridadTest" time="0">
    <system-out><![CDATA[✓ Empleado registrado: Carlos Méndez
✓ Servicio registrado: CF001
✓ Personal asignado al servicio CF001
]]></system-out>
  </testcase>
  <testcase name="testRegistrarMultiplesEmpleados" classname="co.edu.uniquindio.poo.SistemaGestionSeguridadTest" time="0.017">
    <system-out><![CDATA[✓ Empleado registrado: Carlos Méndez
✓ Empleado registrado: Ana López
✓ Empleado registrado: Pedro Ramírez
]]></system-out>
  </testcase>
  <testcase name="testReporteConsolidadoListaVacia" classname="co.edu.uniquindio.poo.SistemaGestionSeguridadTest" time="0.004"/>
  <testcase name="testAsignarEquipoAServicio" classname="co.edu.uniquindio.poo.SistemaGestionSeguridadTest" time="0">
    <system-out><![CDATA[✓ Servicio registrado: CF001
✓ Equipo asignado al servicio CF001
]]></system-out>
  </testcase>
  <testcase name="testRegistrarEmpleado" classname="co.edu.uniquindio.poo.SistemaGestionSeguridadTest" time="0">
    <system-out><![CDATA[✓ Empleado registrado: Carlos Méndez
]]></system-out>
  </testcase>
  <testcase name="testListarOperadores" classname="co.edu.uniquindio.poo.SistemaGestionSeguridadTest" time="0.011">
    <system-out><![CDATA[✓ Empleado registrado: Carlos Méndez
✓ Empleado registrado: María García
]]></system-out>
  </testcase>
  <testcase name="testRegistrarServicio" classname="co.edu.uniquindio.poo.SistemaGestionSeguridadTest" time="0.002">
    <system-out><![CDATA[✓ Servicio registrado: CF001
]]></system-out>
  </testcase>
  <testcase name="testSumarCostosHeterogeneos" classname="co.edu.uniquindio.poo.SistemaGestionSeguridadTest" time="0.004"/>
  <testcase name="testClienteSinContratos" classname="co.edu.uniquindio.poo.SistemaGestionSeguridadTest" time="0.002">
    <system-out><![CDATA[✓ Servicio registrado: CF001
]]></system-out>
  </testcase>
  <testcase name="testTransferirEquipoFallaNoExiste" classname="co.edu.uniquindio.poo.SistemaGestionSeguridadTest" time="0.002">
    <system-out><![CDATA[✓ Empleado registrado: Carlos Méndez
✓ Empleado registrado: Ana López
✗ Equipo no encontrado o no está EN_USO en el origen
]]></system-out>
  </testcase>
  <testcase name="testDemostracionAssertThrows" classname="co.edu.uniquindio.poo.SistemaGestionSeguridadTest" time="0.003"/>
  <testcase name="testTransferirEquipoExitoso" classname="co.edu.uniquindio.poo.SistemaGestionSeguridadTest" time="0.004">
    <system-out><![CDATA[✓ Empleado registrado: Carlos Méndez
✓ Empleado registrado: Ana López
✓ Equipo transferido exitosamente
]]></system-out>
  </testcase>
  <testcase name="testObtenerContratosActivosPorCliente" classname="co.edu.uniquindio.poo.SistemaGestionSeguridadTest" time="0.004">
    <system-out><![CDATA[✓ Servicio registrado: CF001
✓ Servicio registrado: CF002
]]></system-out>
  </testcase>
  <testcase name="testBuscarVigilantePorPuestoInexistente" classname="co.edu.uniquindio.poo.SistemaGestionSeguridadTest" time="0.004">
    <system-out><![CDATA[✓ Empleado registrado: Carlos Méndez
]]></system-out>
  </testcase>
  <testcase name="testRegistrarEquipo" classname="co.edu.uniquindio.poo.SistemaGestionSeguridadTest" time="0"/>
  <testcase name="testCalcularCostoTotalServicios" classname="co.edu.uniquindio.poo.SistemaGestionSeguridadTest" time="0">
    <system-out><![CDATA[✓ Servicio registrado: CF001
✓ Servicio registrado: CF002
]]></system-out>
  </testcase>
  <testcase name="testGenerarReporteConsolidado" classname="co.edu.uniquindio.poo.SistemaGestionSeguridadTest" time="0.009"/>
  <testcase name="testValidarAsignacionFallaEmpleadoNoRegistrado" classname="co.edu.uniquindio.poo.SistemaGestionSeguridadTest" time="0">
    <system-out><![CDATA[✓ Servicio registrado: CF001
✗ El empleado no está registrado en el sistema
]]></system-out>
  </testcase>
  <testcase name="testBuscarVigilantePorPuestoExistente" classname="co.edu.uniquindio.poo.SistemaGestionSeguridadTest" time="0.01">
    <system-out><![CDATA[✓ Empleado registrado: Carlos Méndez
]]></system-out>
  </testcase>
</testsuite>