<?xml version="1.0" encoding="UTF-8"?>
<testsuite xmlns:xsi="http://www.w3.org/2001/XMLSchema-instance" xsi:noNamespaceSchemaLocation="https://maven.apache.org/surefire/maven-surefire-plugin/xsd/surefire-test-report-3.0.xsd" version="3.0" name="co.edu.uniquindio.poo.EquipoTest" time="0.096" tests="23" errors="0" skipped="1" failures="0">
  <properties>
[...]
</properties>
  <testcase name="testModificarTipo" classname="co.edu.uniquindio.poo.EquipoTest" time="0">
    <system-out><![CDATA[═══ INICIANDO TESTS DE EQUIPO ═══
]]></system-out>
  </testcase>
  <testcase name="testCrearEquipoValido" classname="co.edu.uniquindio.poo.EquipoTest" time="0.002"/>
  <testcase name="testGenerarReporte" classname="co.edu.uniquindio.poo.EquipoTest" time="0.004"/>
  <testcase name="testObtenerCostoMensual" classname="co.edu.uniquindio.poo.EquipoTest" time="0.002"/>
  <testcase name="testEstadoInicialOperativo" classname="co.edu.uniquindio.poo.EquipoTest" time="0.003"/>
  <testcase name="testModificarCodigo" classname="co.edu.uniquindio.poo.EquipoTest" time="0.007"/>
  <testcase name="testToString" classname="co.edu.uniquindio.poo.EquipoTest" time="0.003"/>
  <testcase name="testModificarValorReposicion" classname="co.edu.uniquindio.poo.EquipoTest" time="0.006"/>
  <testcase name="testCambiarEstadoAlmacen" classname="co.edu.uniquindio.poo.EquipoTest" time="0.002"/>
  <testcase name="testCambiarEstadoInoperativo" classname="co.edu.uniquindio.poo.EquipoTest" time="0.002"/>
  <testcase name="testCostoMantenimientoActualizado" classname="co.edu.uniquindio.poo.EquipoTest" time="0.003"/>
  <testcase name="testCambiarEstadoEnUso" classname="co.edu.uniquindio.poo.EquipoTest" time="0.001"/>
  <testcase name="testCompararValoresEquipos" classname="co.edu.uniquindio.poo.EquipoTest" time="0.003"/>
  <testcase name="testValorReposicionPositivo" classname="co.edu.uniquindio.poo.EquipoTest" time="0"/>
  <testcase name="testCambiarEstadoEnMantenimiento" classname="co.edu.uniquindio.poo.EquipoTest" time="0"/>
  <testcase name="testReporteContieneInformacion" classname="co.edu.uniquindio.poo.EquipoTest" time="0.01"/>
  <testcase name="testGenerarRepuestoValido" classname="co.edu.uniquindio.poo.EquipoTest" time="0.001"/>
  <testcase name="testTipoNoNull" classname="co.edu.uniquindio.poo.EquipoTest" time="0.002"/>
  <testcase name="testCodigoNoNull" classname="co.edu.uniquindio.poo.EquipoTest" time="0"/>
  <testcase name="testGenerarRepuestoCodigoNull" classname="co.edu.uniquindio.poo.EquipoTest" time="0.011"/>
  <testcase name="testValorReposicionNoNegativo" classname="co.edu.uniquindio.poo.EquipoTest" time="0">
    <skipped message="Pendiente: implementar validación de valor de reposición negativo"/>
  </testcase>
  <testcase name="testGenerarRepuestoCodigoVacio" classname="co.edu.uniquindio.poo.EquipoTest" time="0"/>
  <testcase name="testCostoMantenimiento" classname="co.edu.uniquindio.poo.EquipoTest" time="0"/>
</testsuite>